# JRE version: OpenJDK Runtime Environment (11.0.15) (build 11.0.15+0-b2043.56-9505619)
# Java VM: OpenJDK 64-Bit Server VM (11.0.15+0-b2043.56-9505619, mixed mode, tiered, compressed oops, g1 gc, windows-amd64)
Heap:
 garbage-first heap   total 225280K, used 114731K [0x0000000080000000, 0x0000000100000000)
  region size 1024K, 4 young (4096K), 2 survivors (2048K)
 Metaspace       used 125246K, capacity 128810K, committed 129948K, reserved 1161216K
  class space    used 15784K, capacity 17144K, committed 17900K, reserved 1048576K
GC Heap History (20 events):
Event: 6286.048 GC heap before
{Heap before GC invocations=84 (full 0):
 garbage-first heap   total 225280K, used 163922K [0x0000000080000000, 0x0000000100000000)
  region size 1024K, 38 young (38912K), 6 survivors (6144K)
 Metaspace       used 124802K, capacity 128491K, committed 129692K, reserved 1161216K
  class space    used 15791K, capacity 17159K, committed 17900K, reserved 1048576K
}
Event: 6286.081 GC heap after
{Heap after GC invocations=85 (full 0):
 garbage-first heap   total 225280K, used 136545K [0x0000000080000000, 0x0000000100000000)
  region size 1024K, 5 young (5120K), 5 survivors (5120K)
 Metaspace       used 124802K, capacity 128491K, committed 129692K, reserved 1161216K
  class space    used 15791K, capacity 17159K, committed 17900K, reserved 1048576K
}
Event: 6286.262 GC heap before
{Heap before GC invocations=85 (full 0):
 garbage-first heap   total 225280K, used 142689K [0x0000000080000000, 0x0000000100000000)
  region size 1024K, 11 young (11264K), 5 survivors (5120K)
 Metaspace       used 124851K, capacity 128510K, committed 129692K, reserved 1161216K
  class space    used 15793K, capacity 17162K, committed 17900K, reserved 1048576K
}
Event: 6286.305 GC heap after
{Heap after GC invocations=86 (full 0):
 garbage-first heap   total 225280K, used 122339K [0x0000000080000000, 0x0000000100000000)
  region size 1024K, 2 young (2048K), 2 survivors (2048K)
 Metaspace       used 124851K, capacity 128510K, committed 129692K, reserved 1161216K
  class space    used 15793K, capacity 17162K, committed 17900K, reserved 1048576K
}
Event: 6287.739 GC heap before
{Heap before GC invocations=86 (full 0):
 garbage-first heap   total 225280K, used 130531K [0x0000000080000000, 0x0000000100000000)
  region size 1024K, 11 young (11264K), 2 survivors (2048K)
 Metaspace       used 124872K, capacity 128510K, committed 129692K, reserved 1161216K
  class space    used 15793K, capacity 17162K, committed 17900K, reserved 1048576K
}
Event: 6287.770 GC heap after
{Heap after GC invocations=87 (full 0):
 garbage-first heap   total 225280K, used 120217K [0x0000000080000000, 0x0000000100000000)
  region size 1024K, 2 young (2048K), 2 survivors (2048K)
 Metaspace       used 124872K, capacity 128510K, committed 129692K, reserved 1161216K
  class space    used 15793K, capacity 17162K, committed 17900K, reserved 1048576K
}
Event: 7307.293 GC heap before
{Heap before GC invocations=87 (full 0):
 garbage-first heap   total 225280K, used 174489K [0x0000000080000000, 0x0000000100000000)
  region size 1024K, 55 young (56320K), 2 survivors (2048K)
 Metaspace       used 124938K, capacity 128516K, committed 129692K, reserved 1161216K
  class space    used 15794K, capacity 17163K, committed 17900K, reserved 1048576K
}
Event: 7307.544 GC heap after
{Heap after GC invocations=88 (full 0):
 garbage-first heap   total 225280K, used 121796K [0x0000000080000000, 0x0000000100000000)
  region size 1024K, 4 young (4096K), 4 survivors (4096K)
 Metaspace       used 124938K, capacity 128516K, committed 129692K, reserved 1161216K
  class space    used 15794K, capacity 17163K, committed 17900K, reserved 1048576K
}
Event: 8765.646 GC heap before
{Heap before GC invocations=89 (full 0):
 garbage-first heap   total 225280K, used 163780K [0x0000000080000000, 0x0000000100000000)
  region size 1024K, 47 young (48128K), 4 survivors (4096K)
 Metaspace       used 124963K, capacity 128590K, committed 129692K, reserved 1161216K
  class space    used 15794K, capacity 17164K, committed 17900K, reserved 1048576K
}
Event: 8765.886 GC heap after
{Heap after GC invocations=90 (full 0):
 garbage-first heap   total 225280K, used 121453K [0x0000000080000000, 0x0000000100000000)
  region size 1024K, 5 young (5120K), 5 survivors (5120K)
 Metaspace       used 124963K, capacity 128590K, committed 129692K, reserved 1161216K
  class space    used 15794K, capacity 17164K, committed 17900K, reserved 1048576K
}
Event: 8770.564 GC heap before
{Heap before GC invocations=90 (full 0):
 garbage-first heap   total 225280K, used 126573K [0x0000000080000000, 0x0000000100000000)
  region size 1024K, 11 young (11264K), 5 survivors (5120K)
 Metaspace       used 124963K, capacity 128590K, committed 129692K, reserved 1161216K
  class space    used 15794K, capacity 17164K, committed 17900K, reserved 1048576K
}
Event: 8770.971 GC heap after
{Heap after GC invocations=91 (full 0):
 garbage-first heap   total 225280K, used 111702K [0x0000000080000000, 0x0000000100000000)
  region size 1024K, 1 young (1024K), 1 survivors (1024K)
 Metaspace       used 124963K, capacity 128590K, committed 129692K, reserved 1161216K
  class space    used 15794K, capacity 17164K, committed 17900K, reserved 1048576K
}
Event: 8776.849 GC heap before
{Heap before GC invocations=91 (full 0):
 garbage-first heap   total 225280K, used 121942K [0x0000000080000000, 0x0000000100000000)
  region size 1024K, 11 young (11264K), 1 survivors (1024K)
 Metaspace       used 125063K, capacity 128725K, committed 129692K, reserved 1161216K
  class space    used 15801K, capacity 17175K, committed 17900K, reserved 1048576K
}
Event: 8776.957 GC heap after
{Heap after GC invocations=92 (full 0):
 garbage-first heap   total 225280K, used 112191K [0x0000000080000000, 0x0000000100000000)
  region size 1024K, 2 young (2048K), 2 survivors (2048K)
 Metaspace       used 125063K, capacity 128725K, committed 129692K, reserved 1161216K
  class space    used 15801K, capacity 17175K, committed 17900K, reserved 1048576K
}
Event: 8783.430 GC heap before
{Heap before GC invocations=92 (full 0):
 garbage-first heap   total 225280K, used 135743K [0x0000000080000000, 0x0000000100000000)
  region size 1024K, 26 young (26624K), 2 survivors (2048K)
 Metaspace       used 125253K, capacity 128974K, committed 129948K, reserved 1161216K
  class space    used 15805K, capacity 17183K, committed 17900K, reserved 1048576K
}
Event: 8783.518 GC heap after
{Heap after GC invocations=93 (full 0):
 garbage-first heap   total 225280K, used 116404K [0x0000000080000000, 0x0000000100000000)
  region size 1024K, 4 young (4096K), 4 survivors (4096K)
 Metaspace       used 125253K, capacity 128974K, committed 129948K, reserved 1161216K
  class space    used 15805K, capacity 17183K, committed 17900K, reserved 1048576K
}
Event: 8787.607 GC heap before
{Heap before GC invocations=94 (full 0):
 garbage-first heap   total 225280K, used 131764K [0x0000000080000000, 0x0000000100000000)
  region size 1024K, 19 young (19456K), 4 survivors (4096K)
 Metaspace       used 125153K, capacity 128798K, committed 129948K, reserved 1161216K
  class space    used 15782K, capacity 17141K, committed 17900K, reserved 1048576K
}
Event: 8787.654 GC heap after
{Heap after GC invocations=95 (full 0):
 garbage-first heap   total 225280K, used 118034K [0x0000000080000000, 0x0000000100000000)
  region size 1024K, 2 young (2048K), 2 survivors (2048K)
 Metaspace       used 125153K, capacity 128798K, committed 129948K, reserved 1161216K
  class space    used 15782K, capacity 17141K, committed 17900K, reserved 1048576K
}
Event: 8791.649 GC heap before
{Heap before GC invocations=95 (full 0):
 garbage-first heap   total 225280K, used 127250K [0x0000000080000000, 0x0000000100000000)
  region size 1024K, 11 young (11264K), 2 survivors (2048K)
 Metaspace       used 125183K, capacity 128804K, committed 129948K, reserved 1161216K
  class space    used 15783K, capacity 17142K, committed 17900K, reserved 1048576K
}
Event: 8791.700 GC heap after
{Heap after GC invocations=96 (full 0):
 garbage-first heap   total 225280K, used 113707K [0x0000000080000000, 0x0000000100000000)
  region size 1024K, 2 young (2048K), 2 survivors (2048K)
 Metaspace       used 125183K, capacity 128804K, committed 129948K, reserved 1161216K
  class space    used 15783K, capacity 17142K, committed 17900K, reserved 1048576K
}

