# JRE version: OpenJDK Runtime Environment (11.0.15) (build 11.0.15+0-b2043.56-9505619)
# Java VM: OpenJDK 64-Bit Server VM (11.0.15+0-b2043.56-9505619, mixed mode, tiered, compressed oops, g1 gc, windows-amd64)
Heap:
 garbage-first heap   total 187392K, used 157962K [0x0000000080000000, 0x0000000100000000)
  region size 1024K, 36 young (36864K), 4 survivors (4096K)
 Metaspace       used 121457K, capacity 125230K, committed 125392K, reserved 1157120K
  class space    used 15755K, capacity 17206K, committed 17228K, reserved 1048576K
GC Heap History (20 events):
Event: 349.851 GC heap before
{Heap before GC invocations=56 (full 0):
 garbage-first heap   total 155648K, used 132805K [0x0000000080000000, 0x0000000100000000)
  region size 1024K, 14 young (14336K), 2 survivors (2048K)
 Metaspace       used 102456K, capacity 105551K, committed 105680K, reserved 1140736K
  class space    used 12936K, capacity 14093K, committed 14156K, reserved 1048576K
}
Event: 349.858 GC heap after
{Heap after GC invocations=57 (full 0):
 garbage-first heap   total 155648K, used 122498K [0x0000000080000000, 0x0000000100000000)
  region size 1024K, 2 young (2048K), 2 survivors (2048K)
 Metaspace       used 102456K, capacity 105551K, committed 105680K, reserved 1140736K
  class space    used 12936K, capacity 14093K, committed 14156K, reserved 1048576K
}
Event: 350.208 GC heap before
{Heap before GC invocations=58 (full 0):
 garbage-first heap   total 155648K, used 131714K [0x0000000080000000, 0x0000000100000000)
  region size 1024K, 12 young (12288K), 2 survivors (2048K)
 Metaspace       used 102890K, capacity 106022K, committed 106320K, reserved 1140736K
  class space    used 12996K, capacity 14161K, committed 14284K, reserved 1048576K
}
Event: 350.217 GC heap after
{Heap after GC invocations=59 (full 0):
 garbage-first heap   total 155648K, used 123798K [0x0000000080000000, 0x0000000100000000)
  region size 1024K, 2 young (2048K), 2 survivors (2048K)
 Metaspace       used 102890K, capacity 106022K, committed 106320K, reserved 1140736K
  class space    used 12996K, capacity 14161K, committed 14284K, reserved 1048576K
}
Event: 350.245 GC heap before
{Heap before GC invocations=59 (full 0):
 garbage-first heap   total 155648K, used 128918K [0x0000000080000000, 0x0000000100000000)
  region size 1024K, 7 young (7168K), 2 survivors (2048K)
 Metaspace       used 102891K, capacity 106022K, committed 106320K, reserved 1140736K
  class space    used 12996K, capacity 14161K, committed 14284K, reserved 1048576K
}
Event: 350.252 GC heap after
{Heap after GC invocations=60 (full 0):
 garbage-first heap   total 155648K, used 123419K [0x0000000080000000, 0x0000000100000000)
  region size 1024K, 1 young (1024K), 1 survivors (1024K)
 Metaspace       used 102891K, capacity 106022K, committed 106320K, reserved 1140736K
  class space    used 12996K, capacity 14161K, committed 14284K, reserved 1048576K
}
Event: 350.504 GC heap before
{Heap before GC invocations=60 (full 0):
 garbage-first heap   total 155648K, used 133659K [0x0000000080000000, 0x0000000100000000)
  region size 1024K, 11 young (11264K), 1 survivors (1024K)
 Metaspace       used 103847K, capacity 107063K, committed 107216K, reserved 1142784K
  class space    used 13155K, capacity 14391K, committed 14412K, reserved 1048576K
}
Event: 350.512 GC heap after
{Heap after GC invocations=61 (full 0):
 garbage-first heap   total 187392K, used 123816K [0x0000000080000000, 0x0000000100000000)
  region size 1024K, 2 young (2048K), 2 survivors (2048K)
 Metaspace       used 103847K, capacity 107063K, committed 107216K, reserved 1142784K
  class space    used 13155K, capacity 14391K, committed 14412K, reserved 1048576K
}
Event: 351.300 GC heap before
{Heap before GC invocations=62 (full 0):
 garbage-first heap   total 187392K, used 144296K [0x0000000080000000, 0x0000000100000000)
  region size 1024K, 23 young (23552K), 2 survivors (2048K)
 Metaspace       used 108830K, capacity 112200K, committed 112336K, reserved 1146880K
  class space    used 13850K, capacity 15121K, committed 15180K, reserved 1048576K
}
Event: 351.305 GC heap after
{Heap after GC invocations=63 (full 0):
 garbage-first heap   total 187392K, used 124884K [0x0000000080000000, 0x0000000100000000)
  region size 1024K, 3 young (3072K), 3 survivors (3072K)
 Metaspace       used 108830K, capacity 112200K, committed 112336K, reserved 1146880K
  class space    used 13850K, capacity 15121K, committed 15180K, reserved 1048576K
}
Event: 351.461 GC heap before
{Heap before GC invocations=63 (full 0):
 garbage-first heap   total 187392K, used 131028K [0x0000000080000000, 0x0000000100000000)
  region size 1024K, 9 young (9216K), 3 survivors (3072K)
 Metaspace       used 110483K, capacity 113862K, committed 114128K, reserved 1148928K
  class space    used 14121K, capacity 15420K, committed 15436K, reserved 1048576K
}
Event: 351.469 GC heap after
{Heap after GC invocations=64 (full 0):
 garbage-first heap   total 187392K, used 109946K [0x0000000080000000, 0x0000000100000000)
  region size 1024K, 1 young (1024K), 1 survivors (1024K)
 Metaspace       used 110483K, capacity 113862K, committed 114128K, reserved 1148928K
  class space    used 14121K, capacity 15420K, committed 15436K, reserved 1048576K
}
Event: 352.312 GC heap before
{Heap before GC invocations=64 (full 0):
 garbage-first heap   total 187392K, used 138618K [0x0000000080000000, 0x0000000100000000)
  region size 1024K, 30 young (30720K), 1 survivors (1024K)
 Metaspace       used 116068K, capacity 119851K, committed 120144K, reserved 1153024K
  class space    used 15077K, capacity 16512K, committed 16588K, reserved 1048576K
}
Event: 352.318 GC heap after
{Heap after GC invocations=65 (full 0):
 garbage-first heap   total 187392K, used 111086K [0x0000000080000000, 0x0000000100000000)
  region size 1024K, 2 young (2048K), 2 survivors (2048K)
 Metaspace       used 116068K, capacity 119851K, committed 120144K, reserved 1153024K
  class space    used 15077K, capacity 16512K, committed 16588K, reserved 1048576K
}
Event: 352.725 GC heap before
{Heap before GC invocations=66 (full 0):
 garbage-first heap   total 187392K, used 142830K [0x0000000080000000, 0x0000000100000000)
  region size 1024K, 33 young (33792K), 2 survivors (2048K)
 Metaspace       used 118290K, capacity 122095K, committed 122192K, reserved 1155072K
  class space    used 15375K, capacity 16811K, committed 16844K, reserved 1048576K
}
Event: 352.729 GC heap after
{Heap after GC invocations=67 (full 0):
 garbage-first heap   total 187392K, used 111510K [0x0000000080000000, 0x0000000100000000)
  region size 1024K, 2 young (2048K), 2 survivors (2048K)
 Metaspace       used 118290K, capacity 122095K, committed 122192K, reserved 1155072K
  class space    used 15375K, capacity 16811K, committed 16844K, reserved 1048576K
}
Event: 352.783 GC heap before
{Heap before GC invocations=67 (full 0):
 garbage-first heap   total 187392K, used 118678K [0x0000000080000000, 0x0000000100000000)
  region size 1024K, 9 young (9216K), 2 survivors (2048K)
 Metaspace       used 118815K, capacity 122607K, committed 122832K, reserved 1155072K
  class space    used 15441K, capacity 16875K, committed 16972K, reserved 1048576K
}
Event: 352.787 GC heap after
{Heap after GC invocations=68 (full 0):
 garbage-first heap   total 187392K, used 111124K [0x0000000080000000, 0x0000000100000000)
  region size 1024K, 1 young (1024K), 1 survivors (1024K)
 Metaspace       used 118815K, capacity 122607K, committed 122832K, reserved 1155072K
  class space    used 15441K, capacity 16875K, committed 16972K, reserved 1048576K
}
Event: 353.516 GC heap before
{Heap before GC invocations=68 (full 0):
 garbage-first heap   total 187392K, used 139796K [0x0000000080000000, 0x0000000100000000)
  region size 1024K, 30 young (30720K), 1 survivors (1024K)
 Metaspace       used 121197K, capacity 124973K, committed 125136K, reserved 1157120K
  class space    used 15722K, capacity 17164K, committed 17228K, reserved 1048576K
}
Event: 353.522 GC heap after
{Heap after GC invocations=69 (full 0):
 garbage-first heap   total 187392K, used 113930K [0x0000000080000000, 0x0000000100000000)
  region size 1024K, 4 young (4096K), 4 survivors (4096K)
 Metaspace       used 121197K, capacity 124973K, committed 125136K, reserved 1157120K
  class space    used 15722K, capacity 17164K, committed 17228K, reserved 1048576K
}

